/*C4*/SET SCHEMA PUBLIC
DISCONNECT
/*C5*/SET SCHEMA FACTURACION
DELETE FROM PRODUCTO WHERE NUMERO=54
INSERT INTO PRODUCTO VALUES(54,'Software',NULL,'',43.00,'8c2881b683ed47e60183ed4e577f0003','8c2881b683ed47e60183ed4dde530001','9780932633439')
COMMIT
DELETE FROM PRODUCTO WHERE NUMERO=45
INSERT INTO PRODUCTO VALUES(45,'jajajaja','0BD76AA90CA80136000000005B298E89','',12.00,'8c2881b683ed47e60183ed4e577f0003','8c2881b683ed47e60183ed4de9a60002','9791034369997')
COMMIT
/*C6*/SET SCHEMA FACTURACION
DELETE FROM PRODUCTO WHERE NUMERO=45
INSERT INTO PRODUCTO VALUES(45,'jajajaja','0BD76AA90CA80136000000009F82E1D0','',12.00,'8c2881b683ed47e60183ed4e577f0003','8c2881b683ed47e60183ed4de9a60002','9791034369997')
COMMIT
/*C7*/SET SCHEMA FACTURACION
DELETE FROM PRODUCTO WHERE NUMERO=45
INSERT INTO PRODUCTO VALUES(45,'jajajaja','0BD76AA90CA8013600000000535937C8','',12.00,'8c2881b683ed47e60183ed4e577f0003','8c2881b683ed47e60183ed4de9a60002','9791034369997')
COMMIT
/*C8*/SET SCHEMA FACTURACION
DELETE FROM PRODUCTO WHERE NUMERO=45
INSERT INTO PRODUCTO VALUES(45,'jajajaja','0BD76AA90CA8013600000000959D977D','',12.00,'8c2881b683ed47e60183ed4e577f0003','8c2881b683ed47e60183ed4de9a60002','9791034369997')
COMMIT
